        -:    0:Source:TicTacToeBoardTest.cpp
        -:    0:Programs:2
        -:    1:/**
        -:    2: * Unit Tests for TicTacToeBoard
        -:    3:**/
        -:    4:
        -:    5:#include <gtest/gtest.h>
        -:    6:#include "TicTacToeBoard.h"
        -:    7:
        -:    8:class TicTacToeBoardTest : public ::testing::Test
        -:    9:{
        -:   10:	protected:
        -:   11:		TicTacToeBoardTest(){} //constructor runs before each test
        -:   12:		virtual ~TicTacToeBoardTest(){} //destructor cleans up after tests
        -:   13:		virtual void SetUp(){} //sets up before each test (after constructor)
        -:   14:		virtual void TearDown(){} //clean up after each test, (before destructor)
        -:   15:};
        -:   16:
        -:   17:/* EXAMPLE TEST FORMAT
        -:   18:TEST(TicTacToeBoardTest, unitTestName)
        -:   19:{
        -:   20:	ASSERT_TRUE(true);
        -:   21:}
        -:   22:*/
        -:   23:
function _ZN40TicTacToeBoardTest_place_piece_test_TestC2Ev called 1 returned 100% blocks executed 100%
function _ZN40TicTacToeBoardTest_place_piece_test_TestD0Ev called 1 returned 100% blocks executed 100%
function _ZN40TicTacToeBoardTest_place_piece_test_TestD2Ev called 1 returned 100% blocks executed 75%
function _ZN40TicTacToeBoardTest_place_piece_test_Test8TestBodyEv called 1 returned 100% blocks executed 43%
        5:   24:TEST(TicTacToeBoardTest, place_piece_test) {
call    0 returned 1
call    1 returned 1
call    2 returned 1
call    3 returned 1
call    4 returned 1
call    5 returned 1
call    6 returned 1
call    7 returned 1
branch  8 taken 1 (fallthrough)
branch  9 taken 0 (throw)
call   10 returned 1
branch 11 taken 1 (fallthrough)
branch 12 taken 0 (throw)
call   13 returned 1
branch 14 taken 1 (fallthrough)
branch 15 taken 0 (throw)
call   16 returned 1
call   17 returned 1
call   18 returned 1
call   19 never executed
call   20 never executed
call   21 never executed
call   22 never executed
call   23 returned 1
call   24 returned 1
call   25 returned 1
branch 26 taken 0 (fallthrough)
branch 27 taken 1
call   28 never executed
        1:   25:  TicTacToeBoard myTicTacToe;
call    0 returned 1
branch  1 taken 1 (fallthrough)
branch  2 taken 0 (throw)
        1:   26:  int row = 1;
        1:   27:  int col = 1;
        1:   28:  Piece nextTurn = myTicTacToe.placePiece(row, col);
call    0 returned 1
branch  1 taken 1 (fallthrough)
branch  2 taken 0 (throw)
        1:   29:	ASSERT_EQ(nextTurn, O);
call    0 returned 1
branch  1 taken 1 (fallthrough)
branch  2 taken 0 (throw)
call    3 returned 1
branch  4 taken 0 (fallthrough)
branch  5 taken 1
call    6 never executed
branch  7 never executed
branch  8 never executed
call    9 never executed
call   10 never executed
branch 11 never executed
branch 12 never executed
call   13 never executed
branch 14 never executed
branch 15 never executed
call   16 never executed
call   17 never executed
call   18 returned 1
branch 19 taken 1
branch 20 taken 0
call   21 never executed
call   22 never executed
call   23 never executed
        -:   30:}
        -:   31:
function _ZN48TicTacToeBoardTest_invalid_place_piece_test_TestC2Ev called 1 returned 100% blocks executed 100%
function _ZN48TicTacToeBoardTest_invalid_place_piece_test_TestD0Ev called 1 returned 100% blocks executed 100%
function _ZN48TicTacToeBoardTest_invalid_place_piece_test_TestD2Ev called 1 returned 100% blocks executed 75%
function _ZN48TicTacToeBoardTest_invalid_place_piece_test_Test8TestBodyEv called 1 returned 100% blocks executed 43%
        5:   32:TEST(TicTacToeBoardTest, invalid_place_piece_test) {
call    0 returned 1
call    1 returned 1
call    2 returned 1
call    3 returned 1
call    4 returned 1
call    5 returned 1
call    6 returned 1
call    7 returned 1
branch  8 taken 1 (fallthrough)
branch  9 taken 0 (throw)
call   10 returned 1
branch 11 taken 1 (fallthrough)
branch 12 taken 0 (throw)
call   13 returned 1
branch 14 taken 1 (fallthrough)
branch 15 taken 0 (throw)
call   16 returned 1
call   17 returned 1
call   18 returned 1
call   19 never executed
call   20 never executed
call   21 never executed
call   22 returned 1
call   23 returned 1
call   24 returned 1
branch 25 taken 0 (fallthrough)
branch 26 taken 1
call   27 never executed
        1:   33:  TicTacToeBoard myTicTacToe;
call    0 returned 1
branch  1 taken 1 (fallthrough)
branch  2 taken 0 (throw)
        1:   34:  int row = 10;
        1:   35:  int col = 10;
        1:   36:  Piece nextTurn = myTicTacToe.placePiece(row, col);
call    0 returned 1
branch  1 taken 1 (fallthrough)
branch  2 taken 0 (throw)
        1:   37:	ASSERT_EQ(nextTurn, Invalid);
call    0 returned 1
branch  1 taken 1 (fallthrough)
branch  2 taken 0 (throw)
call    3 returned 1
branch  4 taken 0 (fallthrough)
branch  5 taken 1
call    6 never executed
branch  7 never executed
branch  8 never executed
call    9 never executed
call   10 never executed
branch 11 never executed
branch 12 never executed
call   13 never executed
branch 14 never executed
branch 15 never executed
call   16 never executed
call   17 never executed
call   18 returned 1
branch 19 taken 1
branch 20 taken 0
call   21 never executed
call   22 never executed
call   23 never executed
function _GLOBAL__sub_I__ZN40TicTacToeBoardTest_place_piece_test_Test10test_info_E called 1 returned 100% blocks executed 100%
function _Z41__static_initialization_and_destruction_0ii called 1 returned 100% blocks executed 74%
        3:   38:}
call    0 returned 1
branch  1 taken 1 (fallthrough)
branch  2 taken 0
branch  3 taken 1 (fallthrough)
branch  4 taken 0
        -:   39:
        -:   40:// TEST(TicTacToeBoardTest, toggle_turn_test)
        -:   41:// {
        -:   42://   TicTacToeBoard board;
        -:   43://   Piece input;
        -:   44://   input = 'O';
        -:   45://   board.toggleTurn();
        -:   46://
        -:   47:// 	ASSERT_EQ(input, 'O');
        -:   48:// }
